   1               		.file	"Lights.c"
   2               	__SP_H__ = 0x3e
   3               	__SP_L__ = 0x3d
   4               	__SREG__ = 0x3f
   5               	__RAMPZ__ = 0x3b
   6               	__tmp_reg__ = 0
   7               	__zero_reg__ = 1
  10               		.text
  11               	.Ltext0:
 105               	.global	setLight
 107               	setLight:
 108               		.stabd	46,0,0
   1:Components/Lights/Lights.c **** //light controller functions
   2:Components/Lights/Lights.c **** #include <avr/io.h>
   3:Components/Lights/Lights.c **** #include "Lights.h"
   4:Components/Lights/Lights.c **** 
   5:Components/Lights/Lights.c **** //turn lights on and off
   6:Components/Lights/Lights.c **** char setLight(char lightTarget) {
 110               	.LM0:
 111               	.LFBB1:
 112 0000 CF93      		push r28
 113 0002 DF93      		push r29
 114 0004 1F92      		push __zero_reg__
 115 0006 CDB7      		in r28,__SP_L__
 116 0008 DEB7      		in r29,__SP_H__
 117               	/* prologue: function */
 118               	/* frame size = 1 */
 119               	/* stack size = 3 */
 120               	.L__stack_usage = 3
 121 000a 8983      		std Y+1,r24
   7:Components/Lights/Lights.c ****    //dummy function, nothing happens
   8:Components/Lights/Lights.c **** 	//PORTB ^= 0x80;
   9:Components/Lights/Lights.c **** 	if(lightTarget == 1){
 123               	.LM1:
 124 000c 8981      		ldd r24,Y+1
 125 000e 8130      		cpi r24,lo8(1)
 126 0010 01F4      		brne .L2
  10:Components/Lights/Lights.c **** 		PORTB |= 0x80;
 128               	.LM2:
 129 0012 85E2      		ldi r24,lo8(37)
 130 0014 90E0      		ldi r25,0
 131 0016 25E2      		ldi r18,lo8(37)
 132 0018 30E0      		ldi r19,0
 133 001a F901      		movw r30,r18
 134 001c 2081      		ld r18,Z
 135 001e 2068      		ori r18,lo8(-128)
 136 0020 FC01      		movw r30,r24
 137 0022 2083      		st Z,r18
 138 0024 00C0      		rjmp .L3
 139               	.L2:
  11:Components/Lights/Lights.c **** 	} else {
  12:Components/Lights/Lights.c **** 		PORTB &= ~0x80;
 141               	.LM3:
 142 0026 85E2      		ldi r24,lo8(37)
 143 0028 90E0      		ldi r25,0
 144 002a 25E2      		ldi r18,lo8(37)
 145 002c 30E0      		ldi r19,0
 146 002e F901      		movw r30,r18
 147 0030 2081      		ld r18,Z
 148 0032 2F77      		andi r18,lo8(127)
 149 0034 FC01      		movw r30,r24
 150 0036 2083      		st Z,r18
 151               	.L3:
  13:Components/Lights/Lights.c **** 	}
  14:Components/Lights/Lights.c ****    return 1;
 153               	.LM4:
 154 0038 81E0      		ldi r24,lo8(1)
 155               	/* epilogue start */
  15:Components/Lights/Lights.c **** }
 157               	.LM5:
 158 003a 0F90      		pop __tmp_reg__
 159 003c DF91      		pop r29
 160 003e CF91      		pop r28
 161 0040 0895      		ret
 163               	.Lscope1:
 165               		.stabd	78,0,0
 167               	.Letext0:
 168               		.ident	"GCC: (GNU) 4.9.0"
DEFINED SYMBOLS
                            *ABS*:0000000000000000 Lights.c
     /tmp/ccRYWm99.s:2      *ABS*:000000000000003e __SP_H__
     /tmp/ccRYWm99.s:3      *ABS*:000000000000003d __SP_L__
     /tmp/ccRYWm99.s:4      *ABS*:000000000000003f __SREG__
     /tmp/ccRYWm99.s:5      *ABS*:000000000000003b __RAMPZ__
     /tmp/ccRYWm99.s:6      *ABS*:0000000000000000 __tmp_reg__
     /tmp/ccRYWm99.s:7      *ABS*:0000000000000001 __zero_reg__
     /tmp/ccRYWm99.s:107    .text:0000000000000000 setLight

NO UNDEFINED SYMBOLS
