########### array before sorts ###########
0	-16.129000	-55.448200	186.517600	-57.302400	n
1	186.517600	-57.302400	186.517600	103.543300	n
2	186.517600	103.543300	-14.947900	102.882900	n
3	-14.947900	102.882900	-16.129000	-55.448200	n
Tolerance=0.050000.
*Exact match for i=0 and j=1.
*i point -16.129000	-55.448200	186.517600	-57.302400	y
*Exact match for i=1 and j=2.
*i point 186.517600	-57.302400	186.517600	103.543300	y
*Exact match for i=2 and j=3.
*i point 186.517600	103.543300	-14.947900	102.882900	y
########### array after sorts ###########
0	-16.129000	-55.448200	186.517600	-57.302400	y
1	186.517600	-57.302400	186.517600	103.543300	y
2	186.517600	103.543300	-14.947900	102.882900	y
3	-14.947900	102.882900	-16.129000	-55.448200	y
***************
.BOARD_OUTLINE UNOWNED
1.6
0     -16.129000     -55.448200     0
0     186.517600     -57.302400     0
0     186.517600     103.543300     0
0     -14.947900     102.882900     0
0     -16.129000     -55.448200     0
